<?xml version="1.0" encoding="UTF-8"?>
<testng-results ignored="0" total="2" passed="2" failed="0" skipped="0">
  <reporter-output>
  </reporter-output>
  <suite started-at="2024-11-26T20:56:10 IST" name="Suite" finished-at="2024-11-26T20:56:20 IST" duration-ms="10351">
    <groups>
    </groups>
    <test started-at="2024-11-26T20:56:10 IST" name="Test" finished-at="2024-11-26T20:56:20 IST" duration-ms="10351">
      <class name="com.TestnNG.Annations.RealTime_Annotation">
        <test-method is-config="true" signature="browsersetup()[pri:0, instance:com.TestnNG.Annations.RealTime_Annotation@8458f04]" started-at="2024-11-26T20:56:10 IST" name="browsersetup" finished-at="2024-11-26T20:56:18 IST" duration-ms="7992" status="PASS">
          <reporter-output>
          </reporter-output>
        </test-method> <!-- browsersetup -->
        <test-method is-config="true" signature="applicationTittle()[pri:0, instance:com.TestnNG.Annations.RealTime_Annotation@8458f04]" started-at="2024-11-26T20:56:18 IST" name="applicationTittle" finished-at="2024-11-26T20:56:18 IST" duration-ms="15" status="PASS">
          <reporter-output>
          </reporter-output>
        </test-method> <!-- applicationTittle -->
        <test-method signature="signinlink()[pri:1, instance:com.TestnNG.Annations.RealTime_Annotation@8458f04]" started-at="2024-11-26T20:56:18 IST" name="signinlink" description="smoke test" finished-at="2024-11-26T20:56:19 IST" duration-ms="999" status="PASS">
          <reporter-output>
          </reporter-output>
        </test-method> <!-- signinlink -->
        <test-method is-config="true" signature="geturl()[pri:0, instance:com.TestnNG.Annations.RealTime_Annotation@8458f04]" started-at="2024-11-26T20:56:19 IST" name="geturl" finished-at="2024-11-26T20:56:19 IST" duration-ms="35" status="PASS">
          <reporter-output>
          </reporter-output>
        </test-method> <!-- geturl -->
        <test-method is-config="true" signature="applicationTittle()[pri:0, instance:com.TestnNG.Annations.RealTime_Annotation@8458f04]" started-at="2024-11-26T20:56:19 IST" name="applicationTittle" finished-at="2024-11-26T20:56:19 IST" duration-ms="20" status="PASS">
          <reporter-output>
          </reporter-output>
        </test-method> <!-- applicationTittle -->
        <test-method signature="login()[pri:2, instance:com.TestnNG.Annations.RealTime_Annotation@8458f04]" started-at="2024-11-26T20:56:19 IST" name="login" description="function test" finished-at="2024-11-26T20:56:20 IST" depends-on-methods="com.TestnNG.Annations.RealTime_Annotation.signinlink" duration-ms="573" status="PASS">
          <reporter-output>
          </reporter-output>
        </test-method> <!-- login -->
        <test-method is-config="true" signature="geturl()[pri:0, instance:com.TestnNG.Annations.RealTime_Annotation@8458f04]" started-at="2024-11-26T20:56:20 IST" name="geturl" finished-at="2024-11-26T20:56:20 IST" duration-ms="368" status="PASS">
          <reporter-output>
          </reporter-output>
        </test-method> <!-- geturl -->
        <test-method is-config="true" signature="teardown()[pri:0, instance:com.TestnNG.Annations.RealTime_Annotation@8458f04]" started-at="2024-11-26T20:56:20 IST" name="teardown" finished-at="2024-11-26T20:56:20 IST" duration-ms="237" status="PASS">
          <reporter-output>
          </reporter-output>
        </test-method> <!-- teardown -->
      </class> <!-- com.TestnNG.Annations.RealTime_Annotation -->
    </test> <!-- Test -->
  </suite> <!-- Suite -->
</testng-results>
