<?xml version="1.0" encoding="UTF-8"?>
<testng-results ignored="0" total="1" passed="1" failed="0" skipped="0">
  <reporter-output>
  </reporter-output>
  <suite started-at="2024-11-10T09:39:48 IST" name="Default suite" finished-at="2024-11-10T09:39:52 IST" duration-ms="4270">
    <groups>
    </groups>
    <test started-at="2024-11-10T09:39:48 IST" name="Default test" finished-at="2024-11-10T09:39:52 IST" duration-ms="4270">
      <class name="com.testng.live_class_example.ToolTip_Mouse_operator">
        <test-method signature="f()[pri:0, instance:com.testng.live_class_example.ToolTip_Mouse_operator@2892d68]" started-at="2024-11-10T09:39:48 IST" name="f" finished-at="2024-11-10T09:39:52 IST" duration-ms="4218" status="PASS">
          <reporter-output>
          </reporter-output>
        </test-method> <!-- f -->
      </class> <!-- com.testng.live_class_example.ToolTip_Mouse_operator -->
    </test> <!-- Default test -->
  </suite> <!-- Default suite -->
</testng-results>
